
> @ali-dev/components@0.0.0 build /Users/ali/Dev/nextjs/website/packages/components
> rollup --config rollup.config.ts --configPlugin typescript --bundleConfigAsCjs

[1mloaded rollup.config.ts with warnings[22m
[1m[33m(!) [plugin typescript] @rollup/plugin-typescript: outputToFilesystem option is defaulting to true.[39m[22m
[36m
[1m./src/index.tsx[22m â†’ [1m./dist/index.cjs.js, ./dist/index.esm.js[22m...[39m
â”Œâ”€â”€â”€â”€â”€â”€â”€â”€â”€â”€â”€â”€â”€â”€â”€â”€â”€â”€â”€â”€â”€â”€â”€â”€â”€â”€â”€â”€â”€â”€â”€â”€â”€â”€â”€â”€â”€â”€â”
â”‚                                      â”‚
â”‚   [32m[1mDestination: [22m[39m[33m./dist/index.cjs.js[39m   â”‚
â”‚   [32m[1mBundle Size: [22m[39m [33m6.72 MB[39m              â”‚
â”‚   [32m[1mMinified Size: [22m[39m [33m1.12 MB[39m            â”‚
â”‚   [32m[1mGzipped Size: [22m[39m [33m365.83 KB[39m           â”‚
â”‚                                      â”‚
â””â”€â”€â”€â”€â”€â”€â”€â”€â”€â”€â”€â”€â”€â”€â”€â”€â”€â”€â”€â”€â”€â”€â”€â”€â”€â”€â”€â”€â”€â”€â”€â”€â”€â”€â”€â”€â”€â”€â”˜
â”Œâ”€â”€â”€â”€â”€â”€â”€â”€â”€â”€â”€â”€â”€â”€â”€â”€â”€â”€â”€â”€â”€â”€â”€â”€â”€â”€â”€â”€â”€â”€â”€â”€â”€â”€â”€â”€â”€â”€â”
â”‚                                      â”‚
â”‚   [32m[1mDestination: [22m[39m[33m./dist/index.esm.js[39m   â”‚
â”‚   [32m[1mBundle Size: [22m[39m [33m6.72 MB[39m              â”‚
â”‚   [32m[1mMinified Size: [22m[39m [33m1.12 MB[39m            â”‚
â”‚   [32m[1mGzipped Size: [22m[39m [33m365.67 KB[39m           â”‚
â”‚                                      â”‚
â””â”€â”€â”€â”€â”€â”€â”€â”€â”€â”€â”€â”€â”€â”€â”€â”€â”€â”€â”€â”€â”€â”€â”€â”€â”€â”€â”€â”€â”€â”€â”€â”€â”€â”€â”€â”€â”€â”€â”˜
[32mcreated [1m./dist/index.cjs.js, ./dist/index.esm.js[22m in [1m6.7s[22m[39m
