

> @ali-dev/storybook@0.0.0 build /Users/ali/Dev/nextjs/website/apps/storybook
> storybook build --config-dir src/storybook-config

[1m@storybook/core v8.3.4[22m
[1m[22m
[32minfo[0m[35m[0m => Cleaning outputDir: [36mstorybook-static[39m
[0m[33mThe CJS build of Vite's Node API is deprecated. See https://vitejs.dev/guide/troubleshooting.html#vite-cjs-node-api-deprecated for more details.[39m
[32minfo[0m[35m[0m => Loading presets
[0m[32minfo[0m[35m[0m => Building manager..
[0m[32minfo[0m[35m[0m => Manager built ([38;2;181;126;229m117 ms[39m)
[0m[32minfo[0m[35m[0m => Building preview..
[0m[36mvite v5.2.12 [32mbuilding for production...[36m[39m
[32minfo[0m[35m[0m => Copying static files: [36msrc/public[39m at [36mstorybook-static[39m
[0m[2K[1Gtransforming (1) [2miframe.html[22m[2K[1Gtransforming (21) [2mstorybook-config/preview.tsx[22m[2K[1Gtransforming (43) [2m../../../node_modules/.pnpm/@storybook+instrumenter@8.3.4_storybook@8.3.4/n[2K[1Gtransforming (63) [2m../../../node_modules/.pnpm/acorn-jsx@5.3.2_acorn@7.4.1/node_modules/acorn-[2K[1Gtransforming (95) [2m../../../node_modules/.pnpm/esutils@2.0.3/node_modules/esutils/lib/utils.js[2K[1Gtransforming (138) [2m../../../node_modules/.pnpm/@storybook+core@8.3.4/node_modules/@storybook/[2K[1Gtransforming (157) [2m../../../node_modules/.pnpm/source-map@0.6.1/node_modules/source-map/lib/s[2K[1Gtransforming (215) [2m../../../node_modules/.pnpm/lodash@4.17.21/node_modules/lodash/_toSource.j[2K[1Gtransforming (582) [2m../../../node_modules/.pnpm/next@14.2.1_@babel+core@7.25.7_@playwright+tes[2K[1Gtransforming (705) [2m../../../node_modules/.pnpm/next@14.2.1_@babel+core@7.25.7_@playwright+tes[2K[1Gtransforming (720) [2m../../../node_modules/.pnpm/scheduler@0.23.0/node_modules/scheduler/cjs/sc[2K[1Gtransforming (743) [2m../../../node_modules/.pnpm/next@14.2.1_@babel+core@7.25.7_@playwright+tes[2K[1G[1m[33m[plugin:vite:resolve][39m[22m [33m[plugin vite:resolve] Module "fs" has been externalized for browser compatibility, imported by "/Users/ali/Dev/nextjs/website/node_modules/.pnpm/next@14.2.1_@babel+core@7.25.7_@playwright+test@1.45.3_react-dom@18.2.0_react@18.2.0__react@18.2.0_sass@1.79.4/node_modules/next/dist/compiled/gzip-size/index.js". See https://vitejs.dev/guide/troubleshooting.html#module-externalized-for-browser-compatibility for more details.[39m
[2K[1G[1m[33m[plugin:vite:resolve][39m[22m [33m[plugin vite:resolve] Module "zlib" has been externalized for browser compatibility, imported by "/Users/ali/Dev/nextjs/website/node_modules/.pnpm/next@14.2.1_@babel+core@7.25.7_@playwright+test@1.45.3_react-dom@18.2.0_react@18.2.0__react@18.2.0_sass@1.79.4/node_modules/next/dist/compiled/gzip-size/index.js". See https://vitejs.dev/guide/troubleshooting.html#module-externalized-for-browser-compatibility for more details.[39m
[2K[1G[2K[1G[2K[1G../../node_modules/.pnpm/telejson@7.2.0/node_modules/telejson/dist/index.mjs (1413:15): Use of eval in "../../node_modules/.pnpm/telejson@7.2.0/node_modules/telejson/dist/index.mjs" is strongly discouraged as it poses security risks and may cause issues with minification.
[2K[1G../../node_modules/.pnpm/telejson@7.2.0/node_modules/telejson/dist/index.mjs (1416:18): Use of eval in "../../node_modules/.pnpm/telejson@7.2.0/node_modules/telejson/dist/index.mjs" is strongly discouraged as it poses security risks and may cause issues with minification.
[2K[1G[32m✓[39m 856 modules transformed.
[2K[1Grendering chunks (1)...[2K[1Grendering chunks (2)...[2K[1Grendering chunks (3)...[2K[1Grendering chunks (4)...[2K[1Grendering chunks (5)...[2K[1Grendering chunks (6)...[2K[1Grendering chunks (7)...[2K[1Grendering chunks (8)...[2K[1Grendering chunks (9)...[2K[1Grendering chunks (10)...[2K[1Grendering chunks (11)...[2K[1Grendering chunks (12)...[2K[1Grendering chunks (13)...[2K[1Grendering chunks (14)...[2K[1Grendering chunks (15)...[2K[1Grendering chunks (16)...[2K[1Grendering chunks (17)...[2K[1Grendering chunks (18)...[2K[1Grendering chunks (19)...[2K[1Grendering chunks (20)...[2K[1Grendering chunks (21)...[2K[1Grendering chunks (22)...[2K[1Grendering chunks (23)...[2K[1Grendering chunks (24)...[2K[1Grendering chunks (25)...[2K[1Grendering chunks (26)...[2K[1Grendering chunks (27)...[2K[1Grendering chunks (28)...[2K[1Grendering chunks (29)...[2K[1Grendering chunks (30)...[2K[1Grendering chunks (31)...[2K[1Grendering chunks (32)...[2K[1Grendering chunks (33)...[2K[1Grendering chunks (34)...[2K[1Grendering chunks (35)...[2K[1Grendering chunks (36)...[2K[1Grendering chunks (37)...[2K[1Grendering chunks (38)...[2K[1Grendering chunks (39)...[2K[1Grendering chunks (40)...[2K[1Grendering chunks (41)...[2K[1Grendering chunks (42)...[2K[1Grendering chunks (43)...[2K[1Grendering chunks (44)...[2K[1Grendering chunks (45)...[2K[1Grendering chunks (46)...[2K[1Grendering chunks (47)...[2K[1Grendering chunks (48)...[2K[1Grendering chunks (49)...[2K[1Grendering chunks (50)...[2K[1Grendering chunks (51)...[2K[1Grendering chunks (52)...[2K[1Grendering chunks (53)...[2K[1Grendering chunks (54)...[2K[1Grendering chunks (55)...[2K[1Grendering chunks (56)...[2K[1Grendering chunks (57)...[2K[1Grendering chunks (58)...[2K[1Grendering chunks (59)...[2K[1Grendering chunks (60)...[2K[1Grendering chunks (61)...[2K[1Grendering chunks (62)...[2K[1Grendering chunks (63)...[2K[1Grendering chunks (64)...[2K[1Grendering chunks (65)...[2K[1G[2K[1Gcomputing gzip size (0)...[2K[1Gcomputing gzip size (1)...[2K[1Gcomputing gzip size (2)...[2K[1Gcomputing gzip size (3)...[2K[1Gcomputing gzip size (4)...[2K[1Gcomputing gzip size (5)...[2K[1Gcomputing gzip size (6)...[2K[1Gcomputing gzip size (7)...[2K[1Gcomputing gzip size (8)...[2K[1Gcomputing gzip size (9)...[2K[1Gcomputing gzip size (10)...[2K[1Gcomputing gzip size (11)...[2K[1Gcomputing gzip size (12)...[2K[1Gcomputing gzip size (13)...[2K[1Gcomputing gzip size (14)...[2K[1Gcomputing gzip size (15)...[2K[1Gcomputing gzip size (16)...[2K[1Gcomputing gzip size (17)...[2K[1Gcomputing gzip size (18)...[2K[1Gcomputing gzip size (19)...[2K[1Gcomputing gzip size (20)...[2K[1Gcomputing gzip size (21)...[2K[1Gcomputing gzip size (22)...[2K[1Gcomputing gzip size (23)...[2K[1Gcomputing gzip size (24)...[2K[1Gcomputing gzip size (25)...[2K[1Gcomputing gzip size (26)...[2K[1Gcomputing gzip size (27)...[2K[1Gcomputing gzip size (28)...[2K[1Gcomputing gzip size (29)...[2K[1Gcomputing gzip size (30)...[2K[1Gcomputing gzip size (31)...[2K[1Gcomputing gzip size (32)...[2K[1Gcomputing gzip size (33)...[2K[1Gcomputing gzip size (34)...[2K[1Gcomputing gzip size (35)...[2K[1Gcomputing gzip size (36)...[2K[1Gcomputing gzip size (37)...[2K[1Gcomputing gzip size (38)...[2K[1Gcomputing gzip size (39)...[2K[1Gcomputing gzip size (40)...[2K[1Gcomputing gzip size (41)...[2K[1Gcomputing gzip size (42)...[2K[1Gcomputing gzip size (43)...[2K[1Gcomputing gzip size (44)...[2K[1Gcomputing gzip size (45)...[2K[1Gcomputing gzip size (46)...[2K[1Gcomputing gzip size (47)...[2K[1Gcomputing gzip size (48)...[2K[1Gcomputing gzip size (49)...[2K[1Gcomputing gzip size (50)...[2K[1Gcomputing gzip size (51)...[2K[1Gcomputing gzip size (52)...[2K[1Gcomputing gzip size (53)...[2K[1Gcomputing gzip size (54)...[2K[1Gcomputing gzip size (55)...[2K[1Gcomputing gzip size (56)...[2K[1Gcomputing gzip size (57)...[2K[1Gcomputing gzip size (58)...[2K[1Gcomputing gzip size (59)...[2K[1Gcomputing gzip size (60)...[2K[1Gcomputing gzip size (61)...[2K[1Gcomputing gzip size (62)...[2K[1Gcomputing gzip size (63)...[2K[1Gcomputing gzip size (64)...[2K[1Gcomputing gzip size (65)...[2K[1Gcomputing gzip size (66)...[2K[1Gcomputing gzip size (67)...[2K[1G[2m../storybook-static/[22m[32miframe.html                                        [39m[1m[2m   16.35 kB[22m[1m[22m[2m │ gzip:   4.45 kB[22m
[2m../storybook-static/[22m[2massets/[22m[35mpreview-CncHCQv4.css                        [39m[1m[2m   89.88 kB[22m[1m[22m[2m │ gzip:  10.70 kB[22m
[2m../storybook-static/[22m[2massets/[22m[36mpreview-DBB8zTrJ.js                         [39m[1m[2m    0.16 kB[22m[1m[22m[2m │ gzip:   0.16 kB[22m
[2m../storybook-static/[22m[2massets/[22m[36mpreview-DFmD0pui.js                         [39m[1m[2m    0.17 kB[22m[1m[22m[2m │ gzip:   0.15 kB[22m
[2m../storybook-static/[22m[2massets/[22m[36mpreview-DgkyPZcG.js                         [39m[1m[2m    0.23 kB[22m[1m[22m[2m │ gzip:   0.18 kB[22m
[2m../storybook-static/[22m[2massets/[22m[36mindex-CQLlDHG7.js                           [39m[1m[2m    0.42 kB[22m[1m[22m[2m │ gzip:   0.27 kB[22m
[2m../storybook-static/[22m[2massets/[22m[36mFooter.stories-N9EU1_EG.js                  [39m[1m[2m    0.54 kB[22m[1m[22m[2m │ gzip:   0.35 kB[22m
[2m../storybook-static/[22m[2massets/[22m[36mBlogHeader.stories-C-b2SNnH.js              [39m[1m[2m    0.56 kB[22m[1m[22m[2m │ gzip:   0.34 kB[22m
[2m../storybook-static/[22m[2massets/[22m[36mInlineCode.stories-0m_7axZ7.js              [39m[1m[2m    0.56 kB[22m[1m[22m[2m │ gzip:   0.35 kB[22m
[2m../storybook-static/[22m[2massets/[22m[36mBlockquote.stories-DppxtpCW.js              [39m[1m[2m    0.58 kB[22m[1m[22m[2m │ gzip:   0.35 kB[22m
[2m../storybook-static/[22m[2massets/[22m[36mHeader.stories-1CQET5mP.js                  [39m[1m[2m    0.59 kB[22m[1m[22m[2m │ gzip:   0.36 kB[22m
[2m../storybook-static/[22m[2massets/[22m[36mchunk-H6MOWX77-DTQOW814.js                  [39m[1m[2m    0.60 kB[22m[1m[22m[2m │ gzip:   0.37 kB[22m
[2m../storybook-static/[22m[2massets/[22m[36mSocialMediaTitle.stories-Bq8ke6Ek.js        [39m[1m[2m    0.60 kB[22m[1m[22m[2m │ gzip:   0.36 kB[22m
[2m../storybook-static/[22m[2massets/[22m[36mpreview-BhhEZcNS.js                         [39m[1m[2m    0.64 kB[22m[1m[22m[2m │ gzip:   0.45 kB[22m
[2m../storybook-static/[22m[2massets/[22m[36mTags.stories-B1IsnROt.js                    [39m[1m[2m    0.64 kB[22m[1m[22m[2m │ gzip:   0.38 kB[22m
[2m../storybook-static/[22m[2massets/[22m[36mLabel.stories-Ce1-W0xt.js                   [39m[1m[2m    0.67 kB[22m[1m[22m[2m │ gzip:   0.40 kB[22m
[2m../storybook-static/[22m[2massets/[22m[36mpreview-DGUiP6tS.js                         [39m[1m[2m    0.71 kB[22m[1m[22m[2m │ gzip:   0.50 kB[22m
[2m../storybook-static/[22m[2massets/[22m[36mSocialMediaLink.stories-B1MKXFHu.js         [39m[1m[2m    0.76 kB[22m[1m[22m[2m │ gzip:   0.44 kB[22m
[2m../storybook-static/[22m[2massets/[22m[36mindex-DrFu-skq.js                           [39m[1m[2m    0.77 kB[22m[1m[22m[2m │ gzip:   0.47 kB[22m
[2m../storybook-static/[22m[2massets/[22m[36mreact-18-ChDbaAEg.js                        [39m[1m[2m    0.80 kB[22m[1m[22m[2m │ gzip:   0.47 kB[22m
[2m../storybook-static/[22m[2massets/[22m[36mInputField.stories-CAj2efAS.js              [39m[1m[2m    0.83 kB[22m[1m[22m[2m │ gzip:   0.47 kB[22m
[2m../storybook-static/[22m[2massets/[22m[36mpreview-5MbFZzaj.js                         [39m[1m[2m    0.88 kB[22m[1m[22m[2m │ gzip:   0.55 kB[22m
[2m../storybook-static/[22m[2massets/[22m[36mCard.stories-DfvkLbxK.js                    [39m[1m[2m    0.90 kB[22m[1m[22m[2m │ gzip:   0.45 kB[22m
[2m../storybook-static/[22m[2massets/[22m[36mjsx-runtime-BV6BX9Xa.js                     [39m[1m[2m    0.92 kB[22m[1m[22m[2m │ gzip:   0.58 kB[22m
[2m../storybook-static/[22m[2massets/[22m[36mSocialMedia.stories-D9lub4J4.js             [39m[1m[2m    1.04 kB[22m[1m[22m[2m │ gzip:   0.48 kB[22m
[2m../storybook-static/[22m[2massets/[22m[36mHelperText.stories-me30_Ukr.js              [39m[1m[2m    1.04 kB[22m[1m[22m[2m │ gzip:   0.47 kB[22m
[2m../storybook-static/[22m[2massets/[22m[36mNav.stories-DMc5e62w.js                     [39m[1m[2m    1.05 kB[22m[1m[22m[2m │ gzip:   0.54 kB[22m
[2m../storybook-static/[22m[2massets/[22m[36mBody.stories-CJWe-2l2.js                    [39m[1m[2m    1.13 kB[22m[1m[22m[2m │ gzip:   0.54 kB[22m
[2m../storybook-static/[22m[2massets/[22m[36mNavList.stories-nBcqv4S9.js                 [39m[1m[2m    1.14 kB[22m[1m[22m[2m │ gzip:   0.52 kB[22m
[2m../storybook-static/[22m[2massets/[22m[36mDetails.stories-op_-MGlJ.js                 [39m[1m[2m    1.21 kB[22m[1m[22m[2m │ gzip:   0.59 kB[22m
[2m../storybook-static/[22m[2massets/[22m[36mDocsRenderer-CFRXHY34-Cwgt-vlh.js           [39m[1m[2m    1.32 kB[22m[1m[22m[2m │ gzip:   0.71 kB[22m
[2m../storybook-static/[22m[2massets/[22m[36mBadge.stories-BzpvTT_q.js                   [39m[1m[2m    1.33 kB[22m[1m[22m[2m │ gzip:   0.51 kB[22m
[2m../storybook-static/[22m[2massets/[22m[36mAnchor.stories-CzfNzR4g.js                  [39m[1m[2m    1.41 kB[22m[1m[22m[2m │ gzip:   0.55 kB[22m
[2m../storybook-static/[22m[2massets/[22m[36mIconography-DIV9nlEY.js                     [39m[1m[2m    1.42 kB[22m[1m[22m[2m │ gzip:   0.53 kB[22m
[2m../storybook-static/[22m[2massets/[22m[36mNavButton.stories-B5_MOUKw.js               [39m[1m[2m    1.47 kB[22m[1m[22m[2m │ gzip:   0.58 kB[22m
[2m../storybook-static/[22m[2massets/[22m[36mCardList.stories-C-7zlAvy.js                [39m[1m[2m    1.56 kB[22m[1m[22m[2m │ gzip:   0.55 kB[22m
[2m../storybook-static/[22m[2massets/[22m[36mLayoutContainer.stories-ChW1qXX9.js         [39m[1m[2m    1.71 kB[22m[1m[22m[2m │ gzip:   0.78 kB[22m
[2m../storybook-static/[22m[2massets/[22m[36mNavLink.stories-B0Rs8Fwe.js                 [39m[1m[2m    1.74 kB[22m[1m[22m[2m │ gzip:   0.63 kB[22m
[2m../storybook-static/[22m[2massets/[22m[36mindex-C0TRaHe3.js                           [39m[1m[2m    1.76 kB[22m[1m[22m[2m │ gzip:   0.89 kB[22m
[2m../storybook-static/[22m[2massets/[22m[36mList.stories-B9EkN8H-.js                    [39m[1m[2m    1.82 kB[22m[1m[22m[2m │ gzip:   0.56 kB[22m
[2m../storybook-static/[22m[2massets/[22m[36mTOC.stories-DyA_v42o.js                     [39m[1m[2m    1.90 kB[22m[1m[22m[2m │ gzip:   0.59 kB[22m
[2m../storybook-static/[22m[2massets/[22m[36mPageHeader.stories-n_zAVGsK.js              [39m[1m[2m    2.19 kB[22m[1m[22m[2m │ gzip:   0.82 kB[22m
[2m../storybook-static/[22m[2massets/[22m[36mindex-D-8MO0q_.js                           [39m[1m[2m    2.58 kB[22m[1m[22m[2m │ gzip:   1.26 kB[22m
[2m../storybook-static/[22m[2massets/[22m[36mIconography.stories-B01GwFpN.js             [39m[1m[2m    2.95 kB[22m[1m[22m[2m │ gzip:   0.90 kB[22m
[2m../storybook-static/[22m[2massets/[22m[36mCTA.stories-DWSkobYA.js                     [39m[1m[2m    3.06 kB[22m[1m[22m[2m │ gzip:   0.82 kB[22m
[2m../storybook-static/[22m[2massets/[22m[36mTextarea.stories-D3ogEEu9.js                [39m[1m[2m    3.16 kB[22m[1m[22m[2m │ gzip:   0.75 kB[22m
[2m../storybook-static/[22m[2massets/[22m[36mTypography.stories-C-VadQOP.js              [39m[1m[2m    3.24 kB[22m[1m[22m[2m │ gzip:   0.91 kB[22m
[2m../storybook-static/[22m[2massets/[22m[36mpreview-aVwhiz9X.js                         [39m[1m[2m    3.50 kB[22m[1m[22m[2m │ gzip:   1.69 kB[22m
[2m../storybook-static/[22m[2massets/[22m[36mHeading.stories-CNnwxdc7.js                 [39m[1m[2m    4.18 kB[22m[1m[22m[2m │ gzip:   1.14 kB[22m
[2m../storybook-static/[22m[2massets/[22m[36mButton.stories-ClalSTHx.js                  [39m[1m[2m    4.40 kB[22m[1m[22m[2m │ gzip:   1.00 kB[22m
[2m../storybook-static/[22m[2massets/[22m[36mpreview-D77C14du.js                         [39m[1m[2m    5.03 kB[22m[1m[22m[2m │ gzip:   1.86 kB[22m
[2m../storybook-static/[22m[2massets/[22m[36mpreview-DmdbpuW6.js                         [39m[1m[2m    5.13 kB[22m[1m[22m[2m │ gzip:   2.48 kB[22m
[2m../storybook-static/[22m[2massets/[22m[36mindex-bkUaoioG.js                           [39m[1m[2m    7.51 kB[22m[1m[22m[2m │ gzip:   2.98 kB[22m
[2m../storybook-static/[22m[2massets/[22m[36mpreview-BWzBA1C2.js                         [39m[1m[2m    7.62 kB[22m[1m[22m[2m │ gzip:   1.56 kB[22m
[2m../storybook-static/[22m[2massets/[22m[36mpreview-CFgKly6U.js                         [39m[1m[2m    8.12 kB[22m[1m[22m[2m │ gzip:   3.10 kB[22m
[2m../storybook-static/[22m[2massets/[22m[36mGrid.stories-CD-eYtFR.js                    [39m[1m[2m    8.79 kB[22m[1m[22m[2m │ gzip:   1.56 kB[22m
[2m../storybook-static/[22m[2massets/[22m[36miframe-CUMlZYKh.js                          [39m[1m[2m   10.17 kB[22m[1m[22m[2m │ gzip:   2.75 kB[22m
[2m../storybook-static/[22m[2massets/[22m[36mColor-ERTF36HU-Cvy4al-q.js                  [39m[1m[2m   30.89 kB[22m[1m[22m[2m │ gzip:  11.69 kB[22m
[2m../storybook-static/[22m[2massets/[22m[36mPortableTextComponents.stories-DJ2wCBxP.js  [39m[1m[2m   41.22 kB[22m[1m[22m[2m │ gzip:   7.64 kB[22m
[2m../storybook-static/[22m[2massets/[22m[36mentry-preview-CFCxLgD8.js                   [39m[1m[2m   42.93 kB[22m[1m[22m[2m │ gzip:  15.12 kB[22m
[2m../storybook-static/[22m[2massets/[22m[36mindex-zm6wEA3h.js                           [39m[1m[2m   75.13 kB[22m[1m[22m[2m │ gzip:  22.72 kB[22m
[2m../storybook-static/[22m[2massets/[22m[36mindex-DAPq4l2-.js                           [39m[1m[2m  134.01 kB[22m[1m[22m[2m │ gzip:  43.19 kB[22m
[2m../storybook-static/[22m[2massets/[22m[36mpreview-Dw19U948.js                         [39m[1m[2m  196.60 kB[22m[1m[22m[2m │ gzip:  44.01 kB[22m
[2m../storybook-static/[22m[2massets/[22m[36mentry-preview-docs-hincjIPN.js              [39m[1m[2m  245.03 kB[22m[1m[22m[2m │ gzip:  73.75 kB[22m
[2m../storybook-static/[22m[2massets/[22m[36mindex-DJmKb4wv.js                           [39m[1m[33m  549.89 kB[39m[22m[2m │ gzip: 146.16 kB[22m
[2m../storybook-static/[22m[2massets/[22m[36mindex-Bi0dxLru.js                           [39m[1m[33m  898.38 kB[39m[22m[2m │ gzip: 284.40 kB[22m
[2m../storybook-static/[22m[2massets/[22m[36mindex.esm-jE7tRp8n.js                       [39m[1m[33m1,144.78 kB[39m[22m[2m │ gzip: 378.47 kB[22m
[33m
(!) Some chunks are larger than 500 kB after minification. Consider:
- Using dynamic import() to code-split the application
- Use build.rollupOptions.output.manualChunks to improve chunking: https://rollupjs.org/configuration-options/#output-manualchunks
- Adjust chunk size limit for this warning via build.chunkSizeWarningLimit.[39m
[32m✓ built in 4.41s[39m
[32minfo[0m[35m[0m => Preview built ([38;2;181;126;229m4.66 s[39m)
[0m[32minfo[0m[35m[0m => Output directory: /Users/ali/Dev/nextjs/website/apps/storybook/storybook-static
[0m
